MPChartLib/build/outputs/logs/manifest-merger-debug-report.txt
-- Merging decision tree log ---
manifest
ADDED from jydp_android_app_code/MPChartLib/AndroidManifest.xml:2:1-13:12
INJECTED from jydp_android_app_code/MPChartLib/AndroidManifest.xml:2:1-13:12
INJECTED from jydp_android_app_code/MPChartLib/AndroidManifest.xml:2:1-13:12
INJECTED from jydp_android_app_code/MPChartLib/AndroidManifest.xml:2:1-13:12
INJECTED from jydp_android_app_code/MPChartLib/AndroidManifest.xml:2:1-13:12
INJECTED from jydp_android_app_code/MPChartLib/AndroidManifest.xml:2:1-13:12
INJECTED from jydp_android_app_code/MPChartLib/AndroidManifest.xml:2:1-13:12
	package
		ADDED from jydp_android_app_code/MPChartLib/AndroidManifest.xml:2:11-49
		INJECTED from jydp_android_app_code/MPChartLib/AndroidManifest.xml
		INJECTED from jydp_android_app_code/MPChartLib/AndroidManifest.xml
	android:versionName
		INJECTED from jydp_android_app_code/MPChartLib/AndroidManifest.xml
		ADDED from jydp_android_app_code/MPChartLib/AndroidManifest.xml:2:1-13:12
		INJECTED from jydp_android_app_code/MPChartLib/AndroidManifest.xml
	android:versionCode
		INJECTED from jydp_android_app_code/MPChartLib/AndroidManifest.xml
		ADDED from jydp_android_app_code/MPChartLib/AndroidManifest.xml:2:1-13:12
		INJECTED from jydp_android_app_code/MPChartLib/AndroidManifest.xml
uses-sdk
INJECTED from jydp_android_app_code/MPChartLib/AndroidManifest.xml reason: use-sdk injection requested
INJECTED from jydp_android_app_code/MPChartLib/AndroidManifest.xml
INJECTED from jydp_android_app_code/MPChartLib/AndroidManifest.xml
INJECTED from jydp_android_app_code/MPChartLib/AndroidManifest.xml
INJECTED from jydp_android_app_code/MPChartLib/AndroidManifest.xml
	android:targetSdkVersion
		INJECTED from jydp_android_app_code/MPChartLib/AndroidManifest.xml
		ADDED from jydp_android_app_code/MPChartLib/AndroidManifest.xml
		INJECTED from jydp_android_app_code/MPChartLib/AndroidManifest.xml
	android:minSdkVersion
		INJECTED from jydp_android_app_code/MPChartLib/AndroidManifest.xml
		ADDED from jydp_android_app_code/MPChartLib/AndroidManifest.xml
		INJECTED from jydp_android_app_code/MPChartLib/AndroidManifest.xml